imageScannerDemo_library/build/intermediates/manifest_merge_blame_file/debug/manifest-merger-blame-debug-report.txt
1<?xml version="1.0" encoding="utf-8"?>
2<manifest xmlns:android="http://schemas.android.com/apk/res/android"
3    package="com.intsig.imageprocessdemo"
4    android:versionCode="1"
5    android:versionName="1.0" >
6
7    <uses-sdk
8        android:minSdkVersion="8"
8-->src/main/AndroidManifest.xml
9        android:targetSdkVersion="21" />
9-->src/main/AndroidManifest.xml
10
11    <uses-permission android:name="android.permission.CAMERA" />
11-->src/main/AndroidManifest.xml:6:5-65
11-->src/main/AndroidManifest.xml:6:22-62
12
13    <uses-feature android:name="android.hardware.camera" />
13-->src/main/AndroidManifest.xml:8:5-60
13-->src/main/AndroidManifest.xml:8:19-57
14    <uses-feature android:name="android.hardware.camera.autofocus" />
14-->src/main/AndroidManifest.xml:9:5-70
14-->src/main/AndroidManifest.xml:9:19-67
15
16    <uses-permission android:name="android.permission.WRITE_EXTERNAL_STORAGE" />
16-->src/main/AndroidManifest.xml:11:5-81
16-->src/main/AndroidManifest.xml:11:22-78
17    <uses-permission android:name="android.permission.INTERNET" />
17-->src/main/AndroidManifest.xml:12:5-67
17-->src/main/AndroidManifest.xml:12:22-64
18    <uses-permission android:name="android.permission.READ_PHONE_STATE" />
18-->src/main/AndroidManifest.xml:13:5-75
18-->src/main/AndroidManifest.xml:13:22-72
19
20    <application>
20-->src/main/AndroidManifest.xml:15:5-23:19
21        <activity
21-->src/main/AndroidManifest.xml:17:9-22:20
22            android:name="com.intsig.imageprocessdemo.ImageScannerActivity"
22-->src/main/AndroidManifest.xml:18:13-76
23            android:label="@string/app_name"
23-->src/main/AndroidManifest.xml:19:13-45
24            android:screenOrientation="portrait" >
24-->src/main/AndroidManifest.xml:20:13-49
25        </activity>
26    </application>
27
28</manifest>